<?xml version="1.0" encoding="UTF-8"?>
<!-- Generated by org.testng.reporters.JUnitXMLReporter -->
<testsuite hostname="DESKTOP-DOLVE1I" ignored="0" name="Default test" tests="10" failures="0" timestamp="12 Feb 2019 13:09:05 GMT" time="15.494" errors="0">
  <testcase name="TC001NavigateToTRANSCOM" time="0.51" classname="com.Prod.dtx_project.A_MainLandingPg"/>
  <testcase name="TRANSCOMReportAnEvent" time="0.0" classname="com.Prod.dtx_project.B_DIF1v2"/>
  <testcase name="TC002logintoProfile" time="4.842" classname="com.Prod.dtx_project.C_ProfileLogins"/>
  <testcase name="profileLandedpg" time="0.157" classname="com.Prod.dtx_project.C_ProfileLogins"/>
  <testcase name="searchLeftNav" time="1.021" classname="com.Prod.dtx_project.D_SearchPg"/>
  <testcase name="SearchByPSRnumber" time="1.629" classname="com.Prod.dtx_project.D_SearchPg"/>
  <testcase name="SearchByPSRnumberValidateResult" time="0.73" classname="com.Prod.dtx_project.D_SearchPg"/>
  <testcase name="SearchByDatixID" time="2.035" classname="com.Prod.dtx_project.D_SearchPg"/>
  <testcase name="eAwaitingReview1" time="0.001" classname="com.Prod.dtx_project.E_DIF2EventsAwaitingReview"/>
  <testcase name="eStillBeingReviewed2" time="0.001" classname="com.Prod.dtx_project.F_eStillBeingReviewed"/>
</testsuite> <!-- Default test -->
