<?xml version="1.0" encoding="UTF-8"?>
<testng-results skipped="0" failed="0" ignored="0" total="10" passed="10">
  <reporter-output>
  </reporter-output>
  <suite name="Default suite" duration-ms="15494" started-at="2019-02-12T13:08:50Z" finished-at="2019-02-12T13:09:05Z">
    <groups>
    </groups>
    <test name="Default test" duration-ms="15494" started-at="2019-02-12T13:08:50Z" finished-at="2019-02-12T13:09:05Z">
      <class name="com.Prod.dtx_project.F_eStillBeingReviewed">
        <test-method status="PASS" signature="MainSetup()[pri:0, instance:com.Prod.dtx_project.F_eStillBeingReviewed@589838eb]" name="MainSetup" is-config="true" duration-ms="3924" started-at="2019-02-12T13:08:50Z" finished-at="2019-02-12T13:08:54Z">
          <reporter-output>
          </reporter-output>
        </test-method> <!-- MainSetup -->
        <test-method status="PASS" signature="Print()[pri:0, instance:com.Prod.dtx_project.F_eStillBeingReviewed@589838eb]" name="Print" is-config="true" duration-ms="1" started-at="2019-02-12T13:08:54Z" finished-at="2019-02-12T13:08:54Z">
          <reporter-output>
          </reporter-output>
        </test-method> <!-- Print -->
        <test-method status="PASS" signature="TC001NavigateToTRANSCOM()[pri:1, instance:com.Prod.dtx_project.F_eStillBeingReviewed@589838eb]" name="TC001NavigateToTRANSCOM" duration-ms="510" started-at="2019-02-12T13:08:54Z" finished-at="2019-02-12T13:08:54Z">
          <reporter-output>
          </reporter-output>
        </test-method> <!-- TC001NavigateToTRANSCOM -->
        <test-method status="PASS" signature="Print()[pri:0, instance:com.Prod.dtx_project.F_eStillBeingReviewed@589838eb]" name="Print" is-config="true" duration-ms="1" started-at="2019-02-12T13:08:54Z" finished-at="2019-02-12T13:08:54Z">
          <reporter-output>
          </reporter-output>
        </test-method> <!-- Print -->
        <test-method status="PASS" signature="TRANSCOMReportAnEvent()[pri:2, instance:com.Prod.dtx_project.F_eStillBeingReviewed@589838eb]" name="TRANSCOMReportAnEvent" duration-ms="0" started-at="2019-02-12T13:08:54Z" finished-at="2019-02-12T13:08:54Z">
          <reporter-output>
          </reporter-output>
        </test-method> <!-- TRANSCOMReportAnEvent -->
        <test-method status="PASS" signature="Print()[pri:0, instance:com.Prod.dtx_project.F_eStillBeingReviewed@589838eb]" name="Print" is-config="true" duration-ms="0" started-at="2019-02-12T13:08:54Z" finished-at="2019-02-12T13:08:54Z">
          <reporter-output>
          </reporter-output>
        </test-method> <!-- Print -->
        <test-method status="PASS" signature="TC002logintoProfile()[pri:3, instance:com.Prod.dtx_project.F_eStillBeingReviewed@589838eb]" name="TC002logintoProfile" duration-ms="4842" started-at="2019-02-12T13:08:54Z" finished-at="2019-02-12T13:08:59Z">
          <reporter-output>
          </reporter-output>
        </test-method> <!-- TC002logintoProfile -->
        <test-method status="PASS" signature="Print()[pri:0, instance:com.Prod.dtx_project.F_eStillBeingReviewed@589838eb]" name="Print" is-config="true" duration-ms="1" started-at="2019-02-12T13:08:59Z" finished-at="2019-02-12T13:08:59Z">
          <reporter-output>
          </reporter-output>
        </test-method> <!-- Print -->
        <test-method status="PASS" signature="profileLandedpg()[pri:4, instance:com.Prod.dtx_project.F_eStillBeingReviewed@589838eb]" name="profileLandedpg" duration-ms="157" started-at="2019-02-12T13:08:59Z" finished-at="2019-02-12T13:08:59Z">
          <reporter-output>
          </reporter-output>
        </test-method> <!-- profileLandedpg -->
        <test-method status="PASS" signature="Print()[pri:0, instance:com.Prod.dtx_project.F_eStillBeingReviewed@589838eb]" name="Print" is-config="true" duration-ms="1" started-at="2019-02-12T13:08:59Z" finished-at="2019-02-12T13:08:59Z">
          <reporter-output>
          </reporter-output>
        </test-method> <!-- Print -->
        <test-method status="PASS" signature="searchLeftNav()[pri:5, instance:com.Prod.dtx_project.F_eStillBeingReviewed@589838eb]" name="searchLeftNav" duration-ms="1021" started-at="2019-02-12T13:08:59Z" finished-at="2019-02-12T13:09:00Z">
          <reporter-output>
          </reporter-output>
        </test-method> <!-- searchLeftNav -->
        <test-method status="PASS" signature="Print()[pri:0, instance:com.Prod.dtx_project.F_eStillBeingReviewed@589838eb]" name="Print" is-config="true" duration-ms="1" started-at="2019-02-12T13:09:00Z" finished-at="2019-02-12T13:09:00Z">
          <reporter-output>
          </reporter-output>
        </test-method> <!-- Print -->
        <test-method status="PASS" signature="SearchByPSRnumber()[pri:6, instance:com.Prod.dtx_project.F_eStillBeingReviewed@589838eb]" name="SearchByPSRnumber" duration-ms="1629" started-at="2019-02-12T13:09:00Z" finished-at="2019-02-12T13:09:02Z">
          <reporter-output>
          </reporter-output>
        </test-method> <!-- SearchByPSRnumber -->
        <test-method status="PASS" signature="Print()[pri:0, instance:com.Prod.dtx_project.F_eStillBeingReviewed@589838eb]" name="Print" is-config="true" duration-ms="1" started-at="2019-02-12T13:09:02Z" finished-at="2019-02-12T13:09:02Z">
          <reporter-output>
          </reporter-output>
        </test-method> <!-- Print -->
        <test-method status="PASS" signature="SearchByPSRnumberValidateResult()[pri:7, instance:com.Prod.dtx_project.F_eStillBeingReviewed@589838eb]" name="SearchByPSRnumberValidateResult" duration-ms="730" started-at="2019-02-12T13:09:02Z" finished-at="2019-02-12T13:09:02Z">
          <reporter-output>
          </reporter-output>
        </test-method> <!-- SearchByPSRnumberValidateResult -->
        <test-method status="PASS" signature="SearchByDatixID()[pri:8, instance:com.Prod.dtx_project.F_eStillBeingReviewed@589838eb]" name="SearchByDatixID" duration-ms="2035" started-at="2019-02-12T13:09:02Z" finished-at="2019-02-12T13:09:05Z">
          <reporter-output>
          </reporter-output>
        </test-method> <!-- SearchByDatixID -->
        <test-method status="PASS" signature="Print()[pri:0, instance:com.Prod.dtx_project.F_eStillBeingReviewed@589838eb]" name="Print" is-config="true" duration-ms="0" started-at="2019-02-12T13:09:02Z" finished-at="2019-02-12T13:09:02Z">
          <reporter-output>
          </reporter-output>
        </test-method> <!-- Print -->
        <test-method status="PASS" signature="eAwaitingReview1()[pri:9, instance:com.Prod.dtx_project.F_eStillBeingReviewed@589838eb]" name="eAwaitingReview1" duration-ms="1" started-at="2019-02-12T13:09:05Z" finished-at="2019-02-12T13:09:05Z">
          <reporter-output>
          </reporter-output>
        </test-method> <!-- eAwaitingReview1 -->
        <test-method status="PASS" signature="Print()[pri:0, instance:com.Prod.dtx_project.F_eStillBeingReviewed@589838eb]" name="Print" is-config="true" duration-ms="0" started-at="2019-02-12T13:09:05Z" finished-at="2019-02-12T13:09:05Z">
          <reporter-output>
          </reporter-output>
        </test-method> <!-- Print -->
        <test-method status="PASS" signature="Print()[pri:0, instance:com.Prod.dtx_project.F_eStillBeingReviewed@589838eb]" name="Print" is-config="true" duration-ms="0" started-at="2019-02-12T13:09:05Z" finished-at="2019-02-12T13:09:05Z">
          <reporter-output>
          </reporter-output>
        </test-method> <!-- Print -->
        <test-method status="PASS" signature="eStillBeingReviewed2()[pri:10, instance:com.Prod.dtx_project.F_eStillBeingReviewed@589838eb]" name="eStillBeingReviewed2" duration-ms="1" started-at="2019-02-12T13:09:05Z" finished-at="2019-02-12T13:09:05Z">
          <reporter-output>
          </reporter-output>
        </test-method> <!-- eStillBeingReviewed2 -->
        <test-method status="PASS" signature="LogOutCloseTC00Z()[pri:0, instance:com.Prod.dtx_project.F_eStillBeingReviewed@589838eb]" name="LogOutCloseTC00Z" is-config="true" duration-ms="612" started-at="2019-02-12T13:09:05Z" finished-at="2019-02-12T13:09:05Z">
          <reporter-output>
          </reporter-output>
        </test-method> <!-- LogOutCloseTC00Z -->
      </class> <!-- com.Prod.dtx_project.F_eStillBeingReviewed -->
    </test> <!-- Default test -->
  </suite> <!-- Default suite -->
</testng-results>
